ERROR:28-May-2023 22:08:24,982: restartedMain             com.crystal.Frameworkpackage.CommonFunctions.setApplicationConfig : -------------------------------------Config.yaml NOT FOUND-------------------------------------
ERROR:28-May-2023 22:08:24,984: restartedMain             com.crystal.Frameworkpackage.CommonFunctions.setApplicationConfig : Application will now exit
ERROR:28-May-2023 22:10:51,343: restartedMain             com.crystal.Frameworkpackage.CommonFunctions.setApplicationConfig : -------------------------------------Config.yaml NOT FOUND-------------------------------------
ERROR:28-May-2023 22:10:51,344: restartedMain             com.crystal.Frameworkpackage.CommonFunctions.setApplicationConfig : Application will now exit
ERROR:28-May-2023 22:12:14,396: restartedMain             com.crystal.Frameworkpackage.CommonFunctions.copyAttachmentsFromDBToGivenPath : Destination path is/home/ubuntu/ags_attachments/
ERROR:28-May-2023 22:12:14,399: restartedMain             com.crystal.Frameworkpackage.CommonFunctions.copyAttachmentsFromDBToGivenPath : copyAttachmentsToBufferfalse
DEBUG:28-May-2023 22:12:19,782: http-nio-8080-exec-1      com.crystal.Frameworkpackage.CommonFunctions.serveRequest : 1061.28/home/ubuntu/.vscode-server/extensions/redhat.java-1.18.0-linux-x64/jre/17.0.7-linux-x86_64/bin/java
DEBUG:28-May-2023 22:12:19,783: http-nio-8080-exec-1      com.crystal.Frameworkpackage.CommonFunctions.serveRequest : 224.547/usr/lib/jvm/java-18-openjdk-amd64/bin/java
DEBUG:28-May-2023 22:12:19,784: http-nio-8080-exec-1      com.crystal.Frameworkpackage.CommonFunctions.serveRequest : 169.883/home/ubuntu/.vscode-server/bin/b3e4e68a0bc097f0ae7907b217c1119af9e03435/node
DEBUG:28-May-2023 22:12:19,784: http-nio-8080-exec-1      com.crystal.Frameworkpackage.CommonFunctions.serveRequest : 78.4688/home/ubuntu/.vscode-server/bin/b3e4e68a0bc097f0ae7907b217c1119af9e03435/node
DEBUG:28-May-2023 22:12:19,785: http-nio-8080-exec-1      com.crystal.Frameworkpackage.CommonFunctions.serveRequest : 59.9023/home/ubuntu/.vscode-server/bin/b3e4e68a0bc097f0ae7907b217c1119af9e03435/node
DEBUG:28-May-2023 22:12:19,785: http-nio-8080-exec-1      com.crystal.Frameworkpackage.CommonFunctions.serveRequest : JVM freeMemory: 45
DEBUG:28-May-2023 22:12:19,786: http-nio-8080-exec-1      com.crystal.Frameworkpackage.CommonFunctions.serveRequest : JVM totalMemory also equals to initial heap size of JVM : 96
DEBUG:28-May-2023 22:12:19,786: http-nio-8080-exec-1      com.crystal.Frameworkpackage.CommonFunctions.serveRequest : JVM maxMemory also equals to maximum heap size of JVM: 4776
DEBUG:28-May-2023 22:12:19,787: http-nio-8080-exec-1      com.crystal.Frameworkpackage.CommonFunctions.serveRequest : Request Start Time Sun May 28 22:12:19 IST 2023
DEBUG:28-May-2023 22:12:19,788: http-nio-8080-exec-1      com.crystal.Frameworkpackage.CommonFunctions.serveRequest : Inside Serve Request
DEBUG:28-May-2023 22:12:19,788: http-nio-8080-exec-1      com.crystal.Frameworkpackage.CommonFunctions.serveRequest : Action Flag receieved is :- showHomePage
DEBUG:28-May-2023 22:12:20,206: http-nio-8080-exec-1      com.crystal.Frameworkpackage.CommonFunctions.serveRequest : Connection Opened Succesfully
INFO :28-May-2023 22:12:20,208: http-nio-8080-exec-1      com.crystal.Frameworkpackage.CommonFunctions.getDateTime : will fire db query 1
INFO :28-May-2023 22:12:20,230: http-nio-8080-exec-1      com.crystal.Frameworkpackage.CommonFunctions.getMap : 
com.mysql.jdbc.JDBC4PreparedStatement@382c970a: select sysdate() as dt1 from dual
DEBUG:28-May-2023 22:12:20,275: http-nio-8080-exec-1      com.crystal.Frameworkpackage.CommonFunctions.serveRequest : Datetime From DB Received as2023-05-28 22:12:19.0
DEBUG:28-May-2023 22:12:20,276: http-nio-8080-exec-1      com.crystal.Frameworkpackage.CommonFunctions.serveRequest : is ByPassed :-false
DEBUG:28-May-2023 22:12:20,302: http-nio-8080-exec-1      com.crystal.Frameworkpackage.CommonFunctions.serveRequest : Session Found as Null and the action is also not bypassed
INFO :28-May-2023 22:12:20,307: http-nio-8080-exec-1      com.crystal.Frameworkpackage.CommonFunctions.getMapfromRequest : Going to Make audittrail entry 
INFO :28-May-2023 22:12:20,734: http-nio-8080-exec-1      com.crystal.Frameworkpackage.CommonFunctions.insertUpdate : 
com.mysql.jdbc.JDBC4PreparedStatement@78f7ab90: insert into frm_audit_trail VALUES (default,'','http://localhost:8080/','','2023-05-28 22:12:19.0','0:0:0:0:0:0:0:1','Mozilla/5.0 (Windows NT 10.0; Win64; x64) AppleWebKit/537.36 (KHTML, like Gecko) Chrome/113.0.0.0 Safari/537.36',sysdate(),'WebPortal')
